<?xml version="1.0" encoding="UTF-8"?>
<!-- Generated by org.testng.reporters.JUnitXMLReporter -->
<testsuite ignored="0" hostname="SwarajPatil" failures="0" tests="5" name="Default test" time="24.678" errors="0" timestamp="2025-07-09T18:03:24 IST">
  <testcase classname="com.testcases.TC_Login_001" name="Login" time="0.326"/>
  <testcase classname="com.testcases.TC_Login_001" name="Login" time="1.602"/>
  <testcase classname="com.testcases.TC_Login_001" name="Login" time="0.304"/>
  <testcase classname="com.testcases.TC_Login_001" name="Login" time="0.329"/>
  <testcase classname="com.testcases.TC_Login_001" name="Login" time="0.32"/>
</testsuite> <!-- Default test -->
