<?xml version="1.0" encoding="UTF-8"?>
<!-- Generated by org.testng.reporters.JUnitXMLReporter -->
<testsuite ignored="0" hostname="SwarajPatil" failures="0" tests="8" name="Test" time="57.134" errors="0" timestamp="2025-07-09T18:04:33 IST">
  <testcase classname="com.testcases.TC_Login_001" name="Login" time="0.532"/>
  <testcase classname="com.testcases.TC_Login_001" name="Login" time="5.856"/>
  <testcase classname="com.testcases.TC_Login_001" name="Login" time="0.656"/>
  <testcase classname="com.testcases.TC_Login_001" name="Login" time="0.691"/>
  <testcase classname="com.testcases.TC_Login_001" name="Login" time="0.311"/>
  <testcase classname="com.testcases.TC_Add2Cart_002" name="AddtoCart" time="2.17"/>
  <testcase classname="com.testcases.TC_Checkout_003" name="checkout" time="3.453"/>
  <testcase classname="com.testcases.TC_Logout_004" name="Logout" time="5.363"/>
</testsuite> <!-- Test -->
