<?xml version="1.0" encoding="UTF-8"?>
<testng-results ignored="0" total="8" passed="8" failed="0" skipped="0">
  <reporter-output>
  </reporter-output>
  <suite started-at="2025-07-09T18:03:35 IST" name="Suite" finished-at="2025-07-09T18:04:33 IST" duration-ms="57134">
    <groups>
    </groups>
    <test started-at="2025-07-09T18:03:35 IST" name="Test" finished-at="2025-07-09T18:04:33 IST" duration-ms="57134">
      <class name="com.testcases.TC_Add2Cart_002">
        <test-method is-config="true" signature="Setup()[pri:0, instance:com.testcases.TC_Add2Cart_002@c9413d8]" started-at="2025-07-09T18:04:06 IST" name="Setup" finished-at="2025-07-09T18:04:08 IST" duration-ms="1575" status="PASS">
          <reporter-output>
          </reporter-output>
        </test-method> <!-- Setup -->
        <test-method signature="AddtoCart()[pri:0, instance:com.testcases.TC_Add2Cart_002@c9413d8]" started-at="2025-07-09T18:04:08 IST" name="AddtoCart" finished-at="2025-07-09T18:04:10 IST" duration-ms="2170" status="PASS">
          <reporter-output>
          </reporter-output>
        </test-method> <!-- AddtoCart -->
        <test-method is-config="true" signature="Teardown()[pri:0, instance:com.testcases.TC_Add2Cart_002@c9413d8]" started-at="2025-07-09T18:04:10 IST" name="Teardown" finished-at="2025-07-09T18:04:12 IST" duration-ms="2363" status="PASS">
          <reporter-output>
          </reporter-output>
        </test-method> <!-- Teardown -->
      </class> <!-- com.testcases.TC_Add2Cart_002 -->
      <class name="com.testcases.TC_Login_001">
        <test-method is-config="true" signature="Setup()[pri:0, instance:com.testcases.TC_Login_001@6b5176f2]" started-at="2025-07-09T18:03:36 IST" name="Setup" finished-at="2025-07-09T18:03:39 IST" duration-ms="2713" status="PASS">
          <reporter-output>
          </reporter-output>
        </test-method> <!-- Setup -->
        <test-method signature="Login(java.lang.String,java.lang.String)[pri:0, instance:com.testcases.TC_Login_001@6b5176f2]" started-at="2025-07-09T18:03:39 IST" name="Login" data-provider="td" finished-at="2025-07-09T18:03:40 IST" duration-ms="532" status="PASS">
          <params>
            <param index="0">
              <value>
                <![CDATA[Email]]>
              </value>
            </param>
            <param index="1">
              <value>
                <![CDATA[Password]]>
              </value>
            </param>
          </params>
          <reporter-output>
          </reporter-output>
        </test-method> <!-- Login -->
        <test-method is-config="true" signature="Teardown()[pri:0, instance:com.testcases.TC_Login_001@6b5176f2]" started-at="2025-07-09T18:03:40 IST" name="Teardown" finished-at="2025-07-09T18:03:42 IST" duration-ms="2301" status="PASS">
          <reporter-output>
          </reporter-output>
        </test-method> <!-- Teardown -->
        <test-method is-config="true" signature="Setup()[pri:0, instance:com.testcases.TC_Login_001@6b5176f2]" started-at="2025-07-09T18:03:42 IST" name="Setup" finished-at="2025-07-09T18:03:44 IST" duration-ms="2232" status="PASS">
          <reporter-output>
          </reporter-output>
        </test-method> <!-- Setup -->
        <test-method signature="Login(java.lang.String,java.lang.String)[pri:0, instance:com.testcases.TC_Login_001@6b5176f2]" started-at="2025-07-09T18:03:44 IST" name="Login" data-provider="td" finished-at="2025-07-09T18:03:50 IST" duration-ms="5856" status="PASS">
          <params>
            <param index="0">
              <value>
                <![CDATA[standard_user]]>
              </value>
            </param>
            <param index="1">
              <value>
                <![CDATA[secret_sauce]]>
              </value>
            </param>
          </params>
          <reporter-output>
          </reporter-output>
        </test-method> <!-- Login -->
        <test-method is-config="true" signature="Teardown()[pri:0, instance:com.testcases.TC_Login_001@6b5176f2]" started-at="2025-07-09T18:03:50 IST" name="Teardown" finished-at="2025-07-09T18:03:52 IST" duration-ms="2266" status="PASS">
          <reporter-output>
          </reporter-output>
        </test-method> <!-- Teardown -->
        <test-method is-config="true" signature="Setup()[pri:0, instance:com.testcases.TC_Login_001@6b5176f2]" started-at="2025-07-09T18:03:52 IST" name="Setup" finished-at="2025-07-09T18:03:54 IST" duration-ms="1875" status="PASS">
          <reporter-output>
          </reporter-output>
        </test-method> <!-- Setup -->
        <test-method signature="Login(java.lang.String,java.lang.String)[pri:0, instance:com.testcases.TC_Login_001@6b5176f2]" started-at="2025-07-09T18:03:54 IST" name="Login" data-provider="td" finished-at="2025-07-09T18:03:55 IST" duration-ms="656" status="PASS">
          <params>
            <param index="0">
              <value>
                <![CDATA[amit@gmail.com]]>
              </value>
            </param>
            <param index="1">
              <value>
                <![CDATA[amit@123]]>
              </value>
            </param>
          </params>
          <reporter-output>
          </reporter-output>
        </test-method> <!-- Login -->
        <test-method is-config="true" signature="Teardown()[pri:0, instance:com.testcases.TC_Login_001@6b5176f2]" started-at="2025-07-09T18:03:55 IST" name="Teardown" finished-at="2025-07-09T18:03:57 IST" duration-ms="2315" status="PASS">
          <reporter-output>
          </reporter-output>
        </test-method> <!-- Teardown -->
        <test-method is-config="true" signature="Setup()[pri:0, instance:com.testcases.TC_Login_001@6b5176f2]" started-at="2025-07-09T18:03:57 IST" name="Setup" finished-at="2025-07-09T18:03:59 IST" duration-ms="1534" status="PASS">
          <reporter-output>
          </reporter-output>
        </test-method> <!-- Setup -->
        <test-method signature="Login(java.lang.String,java.lang.String)[pri:0, instance:com.testcases.TC_Login_001@6b5176f2]" started-at="2025-07-09T18:03:59 IST" name="Login" data-provider="td" finished-at="2025-07-09T18:03:59 IST" duration-ms="691" status="PASS">
          <params>
            <param index="0">
              <value>
                <![CDATA[Shan@gmail.com]]>
              </value>
            </param>
            <param index="1">
              <value>
                <![CDATA[shan@123]]>
              </value>
            </param>
          </params>
          <reporter-output>
          </reporter-output>
        </test-method> <!-- Login -->
        <test-method is-config="true" signature="Teardown()[pri:0, instance:com.testcases.TC_Login_001@6b5176f2]" started-at="2025-07-09T18:03:59 IST" name="Teardown" finished-at="2025-07-09T18:04:02 IST" duration-ms="2228" status="PASS">
          <reporter-output>
          </reporter-output>
        </test-method> <!-- Teardown -->
        <test-method is-config="true" signature="Setup()[pri:0, instance:com.testcases.TC_Login_001@6b5176f2]" started-at="2025-07-09T18:04:02 IST" name="Setup" finished-at="2025-07-09T18:04:03 IST" duration-ms="1788" status="PASS">
          <reporter-output>
          </reporter-output>
        </test-method> <!-- Setup -->
        <test-method signature="Login(java.lang.String,java.lang.String)[pri:0, instance:com.testcases.TC_Login_001@6b5176f2]" started-at="2025-07-09T18:04:03 IST" name="Login" data-provider="td" finished-at="2025-07-09T18:04:04 IST" duration-ms="311" status="PASS">
          <params>
            <param index="0">
              <value>
                <![CDATA[!$%#@gmail.com]]>
              </value>
            </param>
            <param index="1">
              <value>
                <![CDATA[#$%^@!@#]]>
              </value>
            </param>
          </params>
          <reporter-output>
          </reporter-output>
        </test-method> <!-- Login -->
        <test-method is-config="true" signature="Teardown()[pri:0, instance:com.testcases.TC_Login_001@6b5176f2]" started-at="2025-07-09T18:04:04 IST" name="Teardown" finished-at="2025-07-09T18:04:06 IST" duration-ms="2212" status="PASS">
          <reporter-output>
          </reporter-output>
        </test-method> <!-- Teardown -->
      </class> <!-- com.testcases.TC_Login_001 -->
      <class name="com.testcases.TC_Checkout_003">
        <test-method is-config="true" signature="Setup()[pri:0, instance:com.testcases.TC_Checkout_003@64da2a7]" started-at="2025-07-09T18:04:12 IST" name="Setup" finished-at="2025-07-09T18:04:18 IST" duration-ms="5520" status="PASS">
          <reporter-output>
          </reporter-output>
        </test-method> <!-- Setup -->
        <test-method signature="checkout()[pri:0, instance:com.testcases.TC_Checkout_003@64da2a7]" started-at="2025-07-09T18:04:18 IST" name="checkout" finished-at="2025-07-09T18:04:21 IST" duration-ms="3453" status="PASS">
          <reporter-output>
          </reporter-output>
        </test-method> <!-- checkout -->
        <test-method is-config="true" signature="Teardown()[pri:0, instance:com.testcases.TC_Checkout_003@64da2a7]" started-at="2025-07-09T18:04:21 IST" name="Teardown" finished-at="2025-07-09T18:04:23 IST" duration-ms="2341" status="PASS">
          <reporter-output>
          </reporter-output>
        </test-method> <!-- Teardown -->
      </class> <!-- com.testcases.TC_Checkout_003 -->
      <class name="com.testcases.TC_Logout_004">
        <test-method is-config="true" signature="Setup()[pri:0, instance:com.testcases.TC_Logout_004@46074492]" started-at="2025-07-09T18:04:23 IST" name="Setup" finished-at="2025-07-09T18:04:25 IST" duration-ms="1508" status="PASS">
          <reporter-output>
          </reporter-output>
        </test-method> <!-- Setup -->
        <test-method signature="Logout()[pri:0, instance:com.testcases.TC_Logout_004@46074492]" started-at="2025-07-09T18:04:25 IST" name="Logout" finished-at="2025-07-09T18:04:30 IST" duration-ms="5363" status="PASS">
          <reporter-output>
          </reporter-output>
        </test-method> <!-- Logout -->
        <test-method is-config="true" signature="Teardown()[pri:0, instance:com.testcases.TC_Logout_004@46074492]" started-at="2025-07-09T18:04:30 IST" name="Teardown" finished-at="2025-07-09T18:04:33 IST" duration-ms="2345" status="PASS">
          <reporter-output>
          </reporter-output>
        </test-method> <!-- Teardown -->
      </class> <!-- com.testcases.TC_Logout_004 -->
    </test> <!-- Test -->
  </suite> <!-- Suite -->
</testng-results>
